<?xml version="1.0" encoding="UTF-8"?>
<!-- Generated by org.testng.reporters.JUnitXMLReporter -->
<testsuite ignored="0" hostname="Saibaba" failures="0" tests="3" name="Default test" time="9.843" errors="0" timestamp="2026-05-27T23:41:06 IST">
  <testcase classname="test.CartTest" name="checkOutBtn" time="0.573"/>
  <testcase classname="test.CartTest" name="continueShopBtn" time="0.297"/>
  <testcase classname="test.CartTest" name="removeButton" time="0.467"/>
</testsuite> <!-- Default test -->
