<?xml version="1.0" encoding="UTF-8"?>
<!-- Generated by org.testng.reporters.JUnitXMLReporter -->
<testsuite ignored="0" hostname="Saibaba" failures="0" tests="26" name="Test" time="89.73" errors="0" timestamp="2026-05-28T00:38:45 IST">
  <testcase classname="test.LoginTest" name="assertValidLgn" time="0.218"/>
  <testcase classname="test.LoginTest" name="loginValidation" time="1.076"/>
  <testcase classname="test.LoginTest" name="loginValidation" time="0.763"/>
  <testcase classname="test.LoginTest" name="loginValidation" time="0.572"/>
  <testcase classname="test.LoginTest" name="loginValidation" time="5.583"/>
  <testcase classname="test.LoginTest" name="loginValidation" time="0.678"/>
  <testcase classname="test.LoginTest" name="loginValidation" time="0.655"/>
  <testcase classname="test.ProductsTest" name="cartIcon" time="0.218"/>
  <testcase classname="test.ProductsTest" name="cartIconDisplay" time="0.04"/>
  <testcase classname="test.ProductsTest" name="cartItems" time="0.178"/>
  <testcase classname="test.ProductsTest" name="productName" time="0.098"/>
  <testcase classname="test.ProductsTest" name="productPage" time="0.296"/>
  <testcase classname="test.ProductsTest" name="productPrice" time="0.286"/>
  <testcase classname="test.ProductsTest" name="productTitle" time="0.125"/>
  <testcase classname="test.ProductsTest" name="removeButton" time="0.246"/>
  <testcase classname="test.ProductsTest" name="verifyPdtFtrngAssending" time="0.542"/>
  <testcase classname="test.ProductsTest" name="verifyPdtFtrngDescending" time="0.468"/>
  <testcase classname="test.ProductsTest" name="verifyPdtFtrngHl" time="0.527"/>
  <testcase classname="test.ProductsTest" name="verifyPdtFtrngLh" time="0.435"/>
  <testcase classname="test.CartTest" name="checkOutBtn" time="0.447"/>
  <testcase classname="test.CartTest" name="continueShopBtn" time="0.382"/>
  <testcase classname="test.CartTest" name="removeButton" time="0.306"/>
  <testcase classname="test.CheckoutTest" name="checkoutModule" time="0.981"/>
  <testcase classname="test.CheckoutTest" name="checkoutModule" time="0.695"/>
  <testcase classname="test.CheckoutTest" name="checkoutModule" time="0.669"/>
  <testcase classname="test.CheckoutTest" name="checkoutModule" time="0.728"/>
</testsuite> <!-- Test -->
