<?xml version="1.0" encoding="UTF-8"?>
<!-- Generated by org.testng.reporters.JUnitXMLReporter -->
<testsuite ignored="0" hostname="Saibaba" failures="0" tests="24" name="Test" time="94.225" errors="0" timestamp="2026-05-30T22:48:59 IST">
  <testcase classname="test.LoginTest" name="assertValidLgn" time="0.238"/>
  <testcase classname="test.LoginTest" name="loginValidation" time="0.641"/>
  <testcase classname="test.LoginTest" name="loginValidation" time="0.742"/>
  <testcase classname="test.LoginTest" name="loginValidation" time="0.574"/>
  <testcase classname="test.LoginTest" name="loginValidation" time="5.712"/>
  <testcase classname="test.LoginTest" name="loginValidation" time="0.72"/>
  <testcase classname="test.LoginTest" name="loginValidation" time="0.588"/>
  <testcase classname="test.ProductsTest" name="cartIcon" time="0.24"/>
  <testcase classname="test.ProductsTest" name="cartIconDisplay" time="0.054"/>
  <testcase classname="test.ProductsTest" name="cartItems" time="0.146"/>
  <testcase classname="test.ProductsTest" name="productName" time="0.131"/>
  <testcase classname="test.ProductsTest" name="productTitle" time="0.111"/>
  <testcase classname="test.ProductsTest" name="removeButton" time="0.264"/>
  <testcase classname="test.ProductsTest" name="verifyPdtFtrngAssending" time="0.589"/>
  <testcase classname="test.ProductsTest" name="verifyPdtFtrngDescending" time="0.404"/>
  <testcase classname="test.ProductsTest" name="verifyPdtFtrngHl" time="0.512"/>
  <testcase classname="test.ProductsTest" name="verifyPdtFtrngLh" time="0.541"/>
  <testcase classname="test.CartTest" name="checkOutBtn" time="0.46"/>
  <testcase classname="test.CartTest" name="continueShopBtn" time="0.282"/>
  <testcase classname="test.CartTest" name="removeButton" time="0.407"/>
  <testcase classname="test.CheckoutTest" name="checkoutModule" time="4.935"/>
  <testcase classname="test.CheckoutTest" name="checkoutModule" time="0.56"/>
  <testcase classname="test.CheckoutTest" name="checkoutModule" time="5.077"/>
  <testcase classname="test.CheckoutTest" name="checkoutModule" time="0.536"/>
</testsuite> <!-- Test -->
