<?xml version="1.0" encoding="UTF-8"?>
<testng-results ignored="0" total="26" passed="26" failed="0" skipped="0">
  <reporter-output>
  </reporter-output>
  <suite started-at="2026-05-28T00:37:15 IST" name="Suite" finished-at="2026-05-28T00:38:45 IST" duration-ms="89730">
    <groups>
    </groups>
    <test started-at="2026-05-28T00:37:15 IST" name="Test" finished-at="2026-05-28T00:38:45 IST" duration-ms="89730">
      <class name="test.LoginTest">
        <test-method is-config="true" signature="browserLaunch()[pri:0, instance:test.LoginTest@4470fbd6]" started-at="2026-05-28T00:37:15 IST" name="browserLaunch" finished-at="2026-05-28T00:37:18 IST" duration-ms="2506" status="PASS">
          <reporter-output>
          </reporter-output>
        </test-method> <!-- browserLaunch -->
        <test-method signature="assertValidLgn()[pri:0, instance:test.LoginTest@4470fbd6]" started-at="2026-05-28T00:37:18 IST" name="assertValidLgn" finished-at="2026-05-28T00:37:18 IST" duration-ms="218" status="PASS">
          <reporter-output>
          </reporter-output>
        </test-method> <!-- assertValidLgn -->
        <test-method is-config="true" signature="closeBrowser()[pri:0, instance:test.LoginTest@4470fbd6]" started-at="2026-05-28T00:37:18 IST" name="closeBrowser" finished-at="2026-05-28T00:37:18 IST" duration-ms="233" status="PASS">
          <reporter-output>
          </reporter-output>
        </test-method> <!-- closeBrowser -->
        <test-method is-config="true" signature="browserLaunch()[pri:0, instance:test.LoginTest@4470fbd6]" started-at="2026-05-28T00:37:19 IST" name="browserLaunch" finished-at="2026-05-28T00:37:21 IST" duration-ms="1246" status="PASS">
          <reporter-output>
          </reporter-output>
        </test-method> <!-- browserLaunch -->
        <test-method signature="loginValidation(java.lang.String,java.lang.String,java.lang.String)[pri:0, instance:test.LoginTest@4470fbd6]" started-at="2026-05-28T00:37:21 IST" name="loginValidation" data-provider="userInput" finished-at="2026-05-28T00:37:22 IST" duration-ms="1076" status="PASS">
          <params>
            <param index="0">
              <value>
                <![CDATA[standard_user]]>
              </value>
            </param>
            <param index="1">
              <value>
                <![CDATA[secret_sauce]]>
              </value>
            </param>
            <param index="2">
              <value>
                <![CDATA[valid]]>
              </value>
            </param>
          </params>
          <reporter-output>
          </reporter-output>
        </test-method> <!-- loginValidation -->
        <test-method is-config="true" signature="closeBrowser()[pri:0, instance:test.LoginTest@4470fbd6]" started-at="2026-05-28T00:37:22 IST" name="closeBrowser" finished-at="2026-05-28T00:37:22 IST" duration-ms="224" status="PASS">
          <reporter-output>
          </reporter-output>
        </test-method> <!-- closeBrowser -->
        <test-method is-config="true" signature="browserLaunch()[pri:0, instance:test.LoginTest@4470fbd6]" started-at="2026-05-28T00:37:22 IST" name="browserLaunch" finished-at="2026-05-28T00:37:24 IST" duration-ms="1520" status="PASS">
          <reporter-output>
          </reporter-output>
        </test-method> <!-- browserLaunch -->
        <test-method signature="loginValidation(java.lang.String,java.lang.String,java.lang.String)[pri:0, instance:test.LoginTest@4470fbd6]" started-at="2026-05-28T00:37:24 IST" name="loginValidation" data-provider="userInput" finished-at="2026-05-28T00:37:24 IST" duration-ms="763" status="PASS">
          <params>
            <param index="0">
              <value>
                <![CDATA[locked_out_user]]>
              </value>
            </param>
            <param index="1">
              <value>
                <![CDATA[secret_sauce]]>
              </value>
            </param>
            <param index="2">
              <value>
                <![CDATA[inValid]]>
              </value>
            </param>
          </params>
          <reporter-output>
          </reporter-output>
        </test-method> <!-- loginValidation -->
        <test-method is-config="true" signature="closeBrowser()[pri:0, instance:test.LoginTest@4470fbd6]" started-at="2026-05-28T00:37:24 IST" name="closeBrowser" finished-at="2026-05-28T00:37:25 IST" duration-ms="213" status="PASS">
          <reporter-output>
          </reporter-output>
        </test-method> <!-- closeBrowser -->
        <test-method is-config="true" signature="browserLaunch()[pri:0, instance:test.LoginTest@4470fbd6]" started-at="2026-05-28T00:37:25 IST" name="browserLaunch" finished-at="2026-05-28T00:37:27 IST" duration-ms="2143" status="PASS">
          <reporter-output>
          </reporter-output>
        </test-method> <!-- browserLaunch -->
        <test-method signature="loginValidation(java.lang.String,java.lang.String,java.lang.String)[pri:0, instance:test.LoginTest@4470fbd6]" started-at="2026-05-28T00:37:27 IST" name="loginValidation" data-provider="userInput" finished-at="2026-05-28T00:37:27 IST" duration-ms="572" status="PASS">
          <params>
            <param index="0">
              <value>
                <![CDATA[problem_user]]>
              </value>
            </param>
            <param index="1">
              <value>
                <![CDATA[secret_sauce]]>
              </value>
            </param>
            <param index="2">
              <value>
                <![CDATA[valid]]>
              </value>
            </param>
          </params>
          <reporter-output>
          </reporter-output>
        </test-method> <!-- loginValidation -->
        <test-method is-config="true" signature="closeBrowser()[pri:0, instance:test.LoginTest@4470fbd6]" started-at="2026-05-28T00:37:27 IST" name="closeBrowser" finished-at="2026-05-28T00:37:27 IST" duration-ms="232" status="PASS">
          <reporter-output>
          </reporter-output>
        </test-method> <!-- closeBrowser -->
        <test-method is-config="true" signature="browserLaunch()[pri:0, instance:test.LoginTest@4470fbd6]" started-at="2026-05-28T00:37:27 IST" name="browserLaunch" finished-at="2026-05-28T00:37:29 IST" duration-ms="1523" status="PASS">
          <reporter-output>
          </reporter-output>
        </test-method> <!-- browserLaunch -->
        <test-method signature="loginValidation(java.lang.String,java.lang.String,java.lang.String)[pri:0, instance:test.LoginTest@4470fbd6]" started-at="2026-05-28T00:37:29 IST" name="loginValidation" data-provider="userInput" finished-at="2026-05-28T00:37:35 IST" duration-ms="5583" status="PASS">
          <params>
            <param index="0">
              <value>
                <![CDATA[performance_glitch_user]]>
              </value>
            </param>
            <param index="1">
              <value>
                <![CDATA[secret_sauce]]>
              </value>
            </param>
            <param index="2">
              <value>
                <![CDATA[valid]]>
              </value>
            </param>
          </params>
          <reporter-output>
          </reporter-output>
        </test-method> <!-- loginValidation -->
        <test-method is-config="true" signature="closeBrowser()[pri:0, instance:test.LoginTest@4470fbd6]" started-at="2026-05-28T00:37:35 IST" name="closeBrowser" finished-at="2026-05-28T00:37:35 IST" duration-ms="204" status="PASS">
          <reporter-output>
          </reporter-output>
        </test-method> <!-- closeBrowser -->
        <test-method is-config="true" signature="browserLaunch()[pri:0, instance:test.LoginTest@4470fbd6]" started-at="2026-05-28T00:37:35 IST" name="browserLaunch" finished-at="2026-05-28T00:37:36 IST" duration-ms="1668" status="PASS">
          <reporter-output>
          </reporter-output>
        </test-method> <!-- browserLaunch -->
        <test-method signature="loginValidation(java.lang.String,java.lang.String,java.lang.String)[pri:0, instance:test.LoginTest@4470fbd6]" started-at="2026-05-28T00:37:36 IST" name="loginValidation" data-provider="userInput" finished-at="2026-05-28T00:37:37 IST" duration-ms="678" status="PASS">
          <params>
            <param index="0">
              <value>
                <![CDATA[error_user]]>
              </value>
            </param>
            <param index="1">
              <value>
                <![CDATA[secret_sauce]]>
              </value>
            </param>
            <param index="2">
              <value>
                <![CDATA[valid]]>
              </value>
            </param>
          </params>
          <reporter-output>
          </reporter-output>
        </test-method> <!-- loginValidation -->
        <test-method is-config="true" signature="closeBrowser()[pri:0, instance:test.LoginTest@4470fbd6]" started-at="2026-05-28T00:37:37 IST" name="closeBrowser" finished-at="2026-05-28T00:37:37 IST" duration-ms="233" status="PASS">
          <reporter-output>
          </reporter-output>
        </test-method> <!-- closeBrowser -->
        <test-method is-config="true" signature="browserLaunch()[pri:0, instance:test.LoginTest@4470fbd6]" started-at="2026-05-28T00:37:37 IST" name="browserLaunch" finished-at="2026-05-28T00:37:39 IST" duration-ms="1683" status="PASS">
          <reporter-output>
          </reporter-output>
        </test-method> <!-- browserLaunch -->
        <test-method signature="loginValidation(java.lang.String,java.lang.String,java.lang.String)[pri:0, instance:test.LoginTest@4470fbd6]" started-at="2026-05-28T00:37:39 IST" name="loginValidation" data-provider="userInput" finished-at="2026-05-28T00:37:40 IST" duration-ms="655" status="PASS">
          <params>
            <param index="0">
              <value>
                <![CDATA[visual_user]]>
              </value>
            </param>
            <param index="1">
              <value>
                <![CDATA[secret_sauce]]>
              </value>
            </param>
            <param index="2">
              <value>
                <![CDATA[valid]]>
              </value>
            </param>
          </params>
          <reporter-output>
          </reporter-output>
        </test-method> <!-- loginValidation -->
        <test-method is-config="true" signature="closeBrowser()[pri:0, instance:test.LoginTest@4470fbd6]" started-at="2026-05-28T00:37:40 IST" name="closeBrowser" finished-at="2026-05-28T00:37:40 IST" duration-ms="231" status="PASS">
          <reporter-output>
          </reporter-output>
        </test-method> <!-- closeBrowser -->
      </class> <!-- test.LoginTest -->
      <class name="test.CartTest">
        <test-method is-config="true" signature="browserLaunch()[pri:0, instance:test.CartTest@2ca26d77]" started-at="2026-05-28T00:38:13 IST" name="browserLaunch" finished-at="2026-05-28T00:38:15 IST" duration-ms="1637" status="PASS">
          <reporter-output>
          </reporter-output>
        </test-method> <!-- browserLaunch -->
        <test-method is-config="true" signature="LoginPage()[pri:0, instance:test.CartTest@2ca26d77]" started-at="2026-05-28T00:38:15 IST" name="LoginPage" finished-at="2026-05-28T00:38:16 IST" duration-ms="621" status="PASS">
          <reporter-output>
          </reporter-output>
        </test-method> <!-- LoginPage -->
        <test-method signature="checkOutBtn()[pri:0, instance:test.CartTest@2ca26d77]" started-at="2026-05-28T00:38:16 IST" name="checkOutBtn" finished-at="2026-05-28T00:38:16 IST" duration-ms="447" status="PASS">
          <reporter-output>
          </reporter-output>
        </test-method> <!-- checkOutBtn -->
        <test-method is-config="true" signature="closeBrowser()[pri:0, instance:test.CartTest@2ca26d77]" started-at="2026-05-28T00:38:16 IST" name="closeBrowser" finished-at="2026-05-28T00:38:16 IST" duration-ms="231" status="PASS">
          <reporter-output>
          </reporter-output>
        </test-method> <!-- closeBrowser -->
        <test-method is-config="true" signature="browserLaunch()[pri:0, instance:test.CartTest@2ca26d77]" started-at="2026-05-28T00:38:16 IST" name="browserLaunch" finished-at="2026-05-28T00:38:18 IST" duration-ms="1807" status="PASS">
          <reporter-output>
          </reporter-output>
        </test-method> <!-- browserLaunch -->
        <test-method is-config="true" signature="LoginPage()[pri:0, instance:test.CartTest@2ca26d77]" started-at="2026-05-28T00:38:18 IST" name="LoginPage" finished-at="2026-05-28T00:38:19 IST" duration-ms="627" status="PASS">
          <reporter-output>
          </reporter-output>
        </test-method> <!-- LoginPage -->
        <test-method signature="continueShopBtn()[pri:0, instance:test.CartTest@2ca26d77]" started-at="2026-05-28T00:38:19 IST" name="continueShopBtn" finished-at="2026-05-28T00:38:19 IST" duration-ms="382" status="PASS">
          <reporter-output>
          </reporter-output>
        </test-method> <!-- continueShopBtn -->
        <test-method is-config="true" signature="closeBrowser()[pri:0, instance:test.CartTest@2ca26d77]" started-at="2026-05-28T00:38:19 IST" name="closeBrowser" finished-at="2026-05-28T00:38:20 IST" duration-ms="254" status="PASS">
          <reporter-output>
          </reporter-output>
        </test-method> <!-- closeBrowser -->
        <test-method is-config="true" signature="browserLaunch()[pri:0, instance:test.CartTest@2ca26d77]" started-at="2026-05-28T00:38:20 IST" name="browserLaunch" finished-at="2026-05-28T00:38:21 IST" duration-ms="1587" status="PASS">
          <reporter-output>
          </reporter-output>
        </test-method> <!-- browserLaunch -->
        <test-method is-config="true" signature="LoginPage()[pri:0, instance:test.CartTest@2ca26d77]" started-at="2026-05-28T00:38:21 IST" name="LoginPage" finished-at="2026-05-28T00:38:22 IST" duration-ms="545" status="PASS">
          <reporter-output>
          </reporter-output>
        </test-method> <!-- LoginPage -->
        <test-method signature="removeButton()[pri:0, instance:test.CartTest@2ca26d77]" started-at="2026-05-28T00:38:22 IST" name="removeButton" finished-at="2026-05-28T00:38:22 IST" duration-ms="306" status="PASS">
          <reporter-output>
          </reporter-output>
        </test-method> <!-- removeButton -->
        <test-method is-config="true" signature="closeBrowser()[pri:0, instance:test.CartTest@2ca26d77]" started-at="2026-05-28T00:38:22 IST" name="closeBrowser" finished-at="2026-05-28T00:38:22 IST" duration-ms="215" status="PASS">
          <reporter-output>
          </reporter-output>
        </test-method> <!-- closeBrowser -->
      </class> <!-- test.CartTest -->
      <class name="test.ProductsTest">
        <test-method is-config="true" signature="browserLaunch()[pri:0, instance:test.ProductsTest@38af9828]" started-at="2026-05-28T00:37:40 IST" name="browserLaunch" finished-at="2026-05-28T00:37:42 IST" duration-ms="1596" status="PASS">
          <reporter-output>
          </reporter-output>
        </test-method> <!-- browserLaunch -->
        <test-method is-config="true" signature="LoginPage()[pri:0, instance:test.ProductsTest@38af9828]" started-at="2026-05-28T00:37:42 IST" name="LoginPage" finished-at="2026-05-28T00:37:42 IST" duration-ms="544" status="PASS">
          <reporter-output>
          </reporter-output>
        </test-method> <!-- LoginPage -->
        <test-method signature="cartIcon()[pri:0, instance:test.ProductsTest@38af9828]" started-at="2026-05-28T00:37:42 IST" name="cartIcon" finished-at="2026-05-28T00:37:42 IST" duration-ms="218" status="PASS">
          <reporter-output>
          </reporter-output>
        </test-method> <!-- cartIcon -->
        <test-method is-config="true" signature="closeBrowser()[pri:0, instance:test.ProductsTest@38af9828]" started-at="2026-05-28T00:37:42 IST" name="closeBrowser" finished-at="2026-05-28T00:37:42 IST" duration-ms="189" status="PASS">
          <reporter-output>
          </reporter-output>
        </test-method> <!-- closeBrowser -->
        <test-method is-config="true" signature="browserLaunch()[pri:0, instance:test.ProductsTest@38af9828]" started-at="2026-05-28T00:37:43 IST" name="browserLaunch" finished-at="2026-05-28T00:37:44 IST" duration-ms="1591" status="PASS">
          <reporter-output>
          </reporter-output>
        </test-method> <!-- browserLaunch -->
        <test-method is-config="true" signature="LoginPage()[pri:0, instance:test.ProductsTest@38af9828]" started-at="2026-05-28T00:37:44 IST" name="LoginPage" finished-at="2026-05-28T00:37:45 IST" duration-ms="719" status="PASS">
          <reporter-output>
          </reporter-output>
        </test-method> <!-- LoginPage -->
        <test-method signature="cartIconDisplay()[pri:0, instance:test.ProductsTest@38af9828]" started-at="2026-05-28T00:37:45 IST" name="cartIconDisplay" finished-at="2026-05-28T00:37:45 IST" duration-ms="40" status="PASS">
          <reporter-output>
          </reporter-output>
        </test-method> <!-- cartIconDisplay -->
        <test-method is-config="true" signature="closeBrowser()[pri:0, instance:test.ProductsTest@38af9828]" started-at="2026-05-28T00:37:45 IST" name="closeBrowser" finished-at="2026-05-28T00:37:45 IST" duration-ms="229" status="PASS">
          <reporter-output>
          </reporter-output>
        </test-method> <!-- closeBrowser -->
        <test-method is-config="true" signature="browserLaunch()[pri:0, instance:test.ProductsTest@38af9828]" started-at="2026-05-28T00:37:45 IST" name="browserLaunch" finished-at="2026-05-28T00:37:46 IST" duration-ms="1143" status="PASS">
          <reporter-output>
          </reporter-output>
        </test-method> <!-- browserLaunch -->
        <test-method is-config="true" signature="LoginPage()[pri:0, instance:test.ProductsTest@38af9828]" started-at="2026-05-28T00:37:46 IST" name="LoginPage" finished-at="2026-05-28T00:37:48 IST" duration-ms="1380" status="PASS">
          <reporter-output>
          </reporter-output>
        </test-method> <!-- LoginPage -->
        <test-method signature="cartItems()[pri:0, instance:test.ProductsTest@38af9828]" started-at="2026-05-28T00:37:48 IST" name="cartItems" finished-at="2026-05-28T00:37:48 IST" duration-ms="178" status="PASS">
          <reporter-output>
          </reporter-output>
        </test-method> <!-- cartItems -->
        <test-method is-config="true" signature="closeBrowser()[pri:0, instance:test.ProductsTest@38af9828]" started-at="2026-05-28T00:37:48 IST" name="closeBrowser" finished-at="2026-05-28T00:37:48 IST" duration-ms="237" status="PASS">
          <reporter-output>
          </reporter-output>
        </test-method> <!-- closeBrowser -->
        <test-method is-config="true" signature="browserLaunch()[pri:0, instance:test.ProductsTest@38af9828]" started-at="2026-05-28T00:37:48 IST" name="browserLaunch" finished-at="2026-05-28T00:37:50 IST" duration-ms="1490" status="PASS">
          <reporter-output>
          </reporter-output>
        </test-method> <!-- browserLaunch -->
        <test-method is-config="true" signature="LoginPage()[pri:0, instance:test.ProductsTest@38af9828]" started-at="2026-05-28T00:37:50 IST" name="LoginPage" finished-at="2026-05-28T00:37:50 IST" duration-ms="544" status="PASS">
          <reporter-output>
          </reporter-output>
        </test-method> <!-- LoginPage -->
        <test-method signature="productName()[pri:0, instance:test.ProductsTest@38af9828]" started-at="2026-05-28T00:37:50 IST" name="productName" finished-at="2026-05-28T00:37:50 IST" duration-ms="98" status="PASS">
          <reporter-output>
          </reporter-output>
        </test-method> <!-- productName -->
        <test-method is-config="true" signature="closeBrowser()[pri:0, instance:test.ProductsTest@38af9828]" started-at="2026-05-28T00:37:50 IST" name="closeBrowser" finished-at="2026-05-28T00:37:50 IST" duration-ms="218" status="PASS">
          <reporter-output>
          </reporter-output>
        </test-method> <!-- closeBrowser -->
        <test-method is-config="true" signature="browserLaunch()[pri:0, instance:test.ProductsTest@38af9828]" started-at="2026-05-28T00:37:50 IST" name="browserLaunch" finished-at="2026-05-28T00:37:52 IST" duration-ms="1620" status="PASS">
          <reporter-output>
          </reporter-output>
        </test-method> <!-- browserLaunch -->
        <test-method is-config="true" signature="LoginPage()[pri:0, instance:test.ProductsTest@38af9828]" started-at="2026-05-28T00:37:52 IST" name="LoginPage" finished-at="2026-05-28T00:37:53 IST" duration-ms="663" status="PASS">
          <reporter-output>
          </reporter-output>
        </test-method> <!-- LoginPage -->
        <test-method signature="productPage()[pri:0, instance:test.ProductsTest@38af9828]" started-at="2026-05-28T00:37:53 IST" name="productPage" finished-at="2026-05-28T00:37:53 IST" duration-ms="296" status="PASS">
          <reporter-output>
          </reporter-output>
        </test-method> <!-- productPage -->
        <test-method is-config="true" signature="closeBrowser()[pri:0, instance:test.ProductsTest@38af9828]" started-at="2026-05-28T00:37:53 IST" name="closeBrowser" finished-at="2026-05-28T00:37:53 IST" duration-ms="212" status="PASS">
          <reporter-output>
          </reporter-output>
        </test-method> <!-- closeBrowser -->
        <test-method is-config="true" signature="browserLaunch()[pri:0, instance:test.ProductsTest@38af9828]" started-at="2026-05-28T00:37:53 IST" name="browserLaunch" finished-at="2026-05-28T00:37:55 IST" duration-ms="1643" status="PASS">
          <reporter-output>
          </reporter-output>
        </test-method> <!-- browserLaunch -->
        <test-method is-config="true" signature="LoginPage()[pri:0, instance:test.ProductsTest@38af9828]" started-at="2026-05-28T00:37:55 IST" name="LoginPage" finished-at="2026-05-28T00:37:55 IST" duration-ms="624" status="PASS">
          <reporter-output>
          </reporter-output>
        </test-method> <!-- LoginPage -->
        <test-method signature="productPrice()[pri:0, instance:test.ProductsTest@38af9828]" started-at="2026-05-28T00:37:55 IST" name="productPrice" finished-at="2026-05-28T00:37:56 IST" duration-ms="286" status="PASS">
          <reporter-output>
          </reporter-output>
        </test-method> <!-- productPrice -->
        <test-method is-config="true" signature="closeBrowser()[pri:0, instance:test.ProductsTest@38af9828]" started-at="2026-05-28T00:37:56 IST" name="closeBrowser" finished-at="2026-05-28T00:37:56 IST" duration-ms="218" status="PASS">
          <reporter-output>
          </reporter-output>
        </test-method> <!-- closeBrowser -->
        <test-method is-config="true" signature="browserLaunch()[pri:0, instance:test.ProductsTest@38af9828]" started-at="2026-05-28T00:37:56 IST" name="browserLaunch" finished-at="2026-05-28T00:37:58 IST" duration-ms="1592" status="PASS">
          <reporter-output>
          </reporter-output>
        </test-method> <!-- browserLaunch -->
        <test-method is-config="true" signature="LoginPage()[pri:0, instance:test.ProductsTest@38af9828]" started-at="2026-05-28T00:37:58 IST" name="LoginPage" finished-at="2026-05-28T00:37:58 IST" duration-ms="665" status="PASS">
          <reporter-output>
          </reporter-output>
        </test-method> <!-- LoginPage -->
        <test-method signature="productTitle()[pri:0, instance:test.ProductsTest@38af9828]" started-at="2026-05-28T00:37:58 IST" name="productTitle" finished-at="2026-05-28T00:37:58 IST" duration-ms="125" status="PASS">
          <reporter-output>
          </reporter-output>
        </test-method> <!-- productTitle -->
        <test-method is-config="true" signature="closeBrowser()[pri:0, instance:test.ProductsTest@38af9828]" started-at="2026-05-28T00:37:58 IST" name="closeBrowser" finished-at="2026-05-28T00:37:59 IST" duration-ms="236" status="PASS">
          <reporter-output>
          </reporter-output>
        </test-method> <!-- closeBrowser -->
        <test-method is-config="true" signature="browserLaunch()[pri:0, instance:test.ProductsTest@38af9828]" started-at="2026-05-28T00:37:59 IST" name="browserLaunch" finished-at="2026-05-28T00:38:00 IST" duration-ms="1706" status="PASS">
          <reporter-output>
          </reporter-output>
        </test-method> <!-- browserLaunch -->
        <test-method is-config="true" signature="LoginPage()[pri:0, instance:test.ProductsTest@38af9828]" started-at="2026-05-28T00:38:00 IST" name="LoginPage" finished-at="2026-05-28T00:38:01 IST" duration-ms="631" status="PASS">
          <reporter-output>
          </reporter-output>
        </test-method> <!-- LoginPage -->
        <test-method signature="removeButton()[pri:0, instance:test.ProductsTest@38af9828]" started-at="2026-05-28T00:38:01 IST" name="removeButton" finished-at="2026-05-28T00:38:01 IST" duration-ms="246" status="PASS">
          <reporter-output>
          </reporter-output>
        </test-method> <!-- removeButton -->
        <test-method is-config="true" signature="closeBrowser()[pri:0, instance:test.ProductsTest@38af9828]" started-at="2026-05-28T00:38:01 IST" name="closeBrowser" finished-at="2026-05-28T00:38:01 IST" duration-ms="212" status="PASS">
          <reporter-output>
          </reporter-output>
        </test-method> <!-- closeBrowser -->
        <test-method is-config="true" signature="browserLaunch()[pri:0, instance:test.ProductsTest@38af9828]" started-at="2026-05-28T00:38:01 IST" name="browserLaunch" finished-at="2026-05-28T00:38:03 IST" duration-ms="1667" status="PASS">
          <reporter-output>
          </reporter-output>
        </test-method> <!-- browserLaunch -->
        <test-method is-config="true" signature="LoginPage()[pri:0, instance:test.ProductsTest@38af9828]" started-at="2026-05-28T00:38:03 IST" name="LoginPage" finished-at="2026-05-28T00:38:04 IST" duration-ms="634" status="PASS">
          <reporter-output>
          </reporter-output>
        </test-method> <!-- LoginPage -->
        <test-method signature="verifyPdtFtrngAssending()[pri:0, instance:test.ProductsTest@38af9828]" started-at="2026-05-28T00:38:04 IST" name="verifyPdtFtrngAssending" finished-at="2026-05-28T00:38:04 IST" duration-ms="542" status="PASS">
          <reporter-output>
          </reporter-output>
        </test-method> <!-- verifyPdtFtrngAssending -->
        <test-method is-config="true" signature="closeBrowser()[pri:0, instance:test.ProductsTest@38af9828]" started-at="2026-05-28T00:38:04 IST" name="closeBrowser" finished-at="2026-05-28T00:38:04 IST" duration-ms="239" status="PASS">
          <reporter-output>
          </reporter-output>
        </test-method> <!-- closeBrowser -->
        <test-method is-config="true" signature="browserLaunch()[pri:0, instance:test.ProductsTest@38af9828]" started-at="2026-05-28T00:38:04 IST" name="browserLaunch" finished-at="2026-05-28T00:38:06 IST" duration-ms="1757" status="PASS">
          <reporter-output>
          </reporter-output>
        </test-method> <!-- browserLaunch -->
        <test-method is-config="true" signature="LoginPage()[pri:0, instance:test.ProductsTest@38af9828]" started-at="2026-05-28T00:38:06 IST" name="LoginPage" finished-at="2026-05-28T00:38:07 IST" duration-ms="633" status="PASS">
          <reporter-output>
          </reporter-output>
        </test-method> <!-- LoginPage -->
        <test-method signature="verifyPdtFtrngDescending()[pri:0, instance:test.ProductsTest@38af9828]" started-at="2026-05-28T00:38:07 IST" name="verifyPdtFtrngDescending" finished-at="2026-05-28T00:38:07 IST" duration-ms="468" status="PASS">
          <reporter-output>
          </reporter-output>
        </test-method> <!-- verifyPdtFtrngDescending -->
        <test-method is-config="true" signature="closeBrowser()[pri:0, instance:test.ProductsTest@38af9828]" started-at="2026-05-28T00:38:07 IST" name="closeBrowser" finished-at="2026-05-28T00:38:08 IST" duration-ms="205" status="PASS">
          <reporter-output>
          </reporter-output>
        </test-method> <!-- closeBrowser -->
        <test-method is-config="true" signature="browserLaunch()[pri:0, instance:test.ProductsTest@38af9828]" started-at="2026-05-28T00:38:08 IST" name="browserLaunch" finished-at="2026-05-28T00:38:09 IST" duration-ms="1729" status="PASS">
          <reporter-output>
          </reporter-output>
        </test-method> <!-- browserLaunch -->
        <test-method is-config="true" signature="LoginPage()[pri:0, instance:test.ProductsTest@38af9828]" started-at="2026-05-28T00:38:09 IST" name="LoginPage" finished-at="2026-05-28T00:38:10 IST" duration-ms="645" status="PASS">
          <reporter-output>
          </reporter-output>
        </test-method> <!-- LoginPage -->
        <test-method signature="verifyPdtFtrngHl()[pri:0, instance:test.ProductsTest@38af9828]" started-at="2026-05-28T00:38:10 IST" name="verifyPdtFtrngHl" finished-at="2026-05-28T00:38:10 IST" duration-ms="527" status="PASS">
          <reporter-output>
          </reporter-output>
        </test-method> <!-- verifyPdtFtrngHl -->
        <test-method is-config="true" signature="closeBrowser()[pri:0, instance:test.ProductsTest@38af9828]" started-at="2026-05-28T00:38:10 IST" name="closeBrowser" finished-at="2026-05-28T00:38:11 IST" duration-ms="220" status="PASS">
          <reporter-output>
          </reporter-output>
        </test-method> <!-- closeBrowser -->
        <test-method is-config="true" signature="browserLaunch()[pri:0, instance:test.ProductsTest@38af9828]" started-at="2026-05-28T00:38:11 IST" name="browserLaunch" finished-at="2026-05-28T00:38:12 IST" duration-ms="1215" status="PASS">
          <reporter-output>
          </reporter-output>
        </test-method> <!-- browserLaunch -->
        <test-method is-config="true" signature="LoginPage()[pri:0, instance:test.ProductsTest@38af9828]" started-at="2026-05-28T00:38:12 IST" name="LoginPage" finished-at="2026-05-28T00:38:13 IST" duration-ms="1014" status="PASS">
          <reporter-output>
          </reporter-output>
        </test-method> <!-- LoginPage -->
        <test-method signature="verifyPdtFtrngLh()[pri:0, instance:test.ProductsTest@38af9828]" started-at="2026-05-28T00:38:13 IST" name="verifyPdtFtrngLh" finished-at="2026-05-28T00:38:13 IST" duration-ms="435" status="PASS">
          <reporter-output>
          </reporter-output>
        </test-method> <!-- verifyPdtFtrngLh -->
        <test-method is-config="true" signature="closeBrowser()[pri:0, instance:test.ProductsTest@38af9828]" started-at="2026-05-28T00:38:13 IST" name="closeBrowser" finished-at="2026-05-28T00:38:13 IST" duration-ms="185" status="PASS">
          <reporter-output>
          </reporter-output>
        </test-method> <!-- closeBrowser -->
      </class> <!-- test.ProductsTest -->
      <class name="test.CheckoutTest">
        <test-method is-config="true" signature="browserLaunch()[pri:0, instance:test.CheckoutTest@4808bc9b]" started-at="2026-05-28T00:38:22 IST" name="browserLaunch" finished-at="2026-05-28T00:38:24 IST" duration-ms="1430" status="PASS">
          <reporter-output>
          </reporter-output>
        </test-method> <!-- browserLaunch -->
        <test-method is-config="true" signature="loginPage()[pri:0, instance:test.CheckoutTest@4808bc9b]" started-at="2026-05-28T00:38:24 IST" name="loginPage" finished-at="2026-05-28T00:38:27 IST" duration-ms="3103" status="PASS">
          <reporter-output>
          </reporter-output>
        </test-method> <!-- loginPage -->
        <test-method signature="checkoutModule(java.lang.String,java.lang.String,java.lang.String,java.lang.String)[pri:0, instance:test.CheckoutTest@4808bc9b]" started-at="2026-05-28T00:38:27 IST" name="checkoutModule" data-provider="userCheckout" finished-at="2026-05-28T00:38:28 IST" duration-ms="981" status="PASS">
          <params>
            <param index="0">
              <value>
                <![CDATA[yamini]]>
              </value>
            </param>
            <param index="1">
              <value>
                <![CDATA[D]]>
              </value>
            </param>
            <param index="2">
              <value>
                <![CDATA[500090.0]]>
              </value>
            </param>
            <param index="3">
              <value>
                <![CDATA[valid]]>
              </value>
            </param>
          </params>
          <reporter-output>
          </reporter-output>
        </test-method> <!-- checkoutModule -->
        <test-method is-config="true" signature="closeBrowser()[pri:0, instance:test.CheckoutTest@4808bc9b]" started-at="2026-05-28T00:38:28 IST" name="closeBrowser" finished-at="2026-05-28T00:38:28 IST" duration-ms="236" status="PASS">
          <reporter-output>
          </reporter-output>
        </test-method> <!-- closeBrowser -->
        <test-method is-config="true" signature="browserLaunch()[pri:0, instance:test.CheckoutTest@4808bc9b]" started-at="2026-05-28T00:38:28 IST" name="browserLaunch" finished-at="2026-05-28T00:38:30 IST" duration-ms="1875" status="PASS">
          <reporter-output>
          </reporter-output>
        </test-method> <!-- browserLaunch -->
        <test-method is-config="true" signature="loginPage()[pri:0, instance:test.CheckoutTest@4808bc9b]" started-at="2026-05-28T00:38:30 IST" name="loginPage" finished-at="2026-05-28T00:38:33 IST" duration-ms="3088" status="PASS">
          <reporter-output>
          </reporter-output>
        </test-method> <!-- loginPage -->
        <test-method signature="checkoutModule(java.lang.String,java.lang.String,java.lang.String,java.lang.String)[pri:0, instance:test.CheckoutTest@4808bc9b]" started-at="2026-05-28T00:38:33 IST" name="checkoutModule" data-provider="userCheckout" finished-at="2026-05-28T00:38:34 IST" duration-ms="695" status="PASS">
          <params>
            <param index="0">
              <value>
                <![CDATA[]]>
              </value>
            </param>
            <param index="1">
              <value>
                <![CDATA[D]]>
              </value>
            </param>
            <param index="2">
              <value>
                <![CDATA[500090.0]]>
              </value>
            </param>
            <param index="3">
              <value>
                <![CDATA[firstNameError]]>
              </value>
            </param>
          </params>
          <reporter-output>
          </reporter-output>
        </test-method> <!-- checkoutModule -->
        <test-method is-config="true" signature="closeBrowser()[pri:0, instance:test.CheckoutTest@4808bc9b]" started-at="2026-05-28T00:38:34 IST" name="closeBrowser" finished-at="2026-05-28T00:38:34 IST" duration-ms="227" status="PASS">
          <reporter-output>
          </reporter-output>
        </test-method> <!-- closeBrowser -->
        <test-method is-config="true" signature="browserLaunch()[pri:0, instance:test.CheckoutTest@4808bc9b]" started-at="2026-05-28T00:38:34 IST" name="browserLaunch" finished-at="2026-05-28T00:38:36 IST" duration-ms="1663" status="PASS">
          <reporter-output>
          </reporter-output>
        </test-method> <!-- browserLaunch -->
        <test-method is-config="true" signature="loginPage()[pri:0, instance:test.CheckoutTest@4808bc9b]" started-at="2026-05-28T00:38:36 IST" name="loginPage" finished-at="2026-05-28T00:38:39 IST" duration-ms="3167" status="PASS">
          <reporter-output>
          </reporter-output>
        </test-method> <!-- loginPage -->
        <test-method signature="checkoutModule(java.lang.String,java.lang.String,java.lang.String,java.lang.String)[pri:0, instance:test.CheckoutTest@4808bc9b]" started-at="2026-05-28T00:38:39 IST" name="checkoutModule" data-provider="userCheckout" finished-at="2026-05-28T00:38:39 IST" duration-ms="669" status="PASS">
          <params>
            <param index="0">
              <value>
                <![CDATA[yamini]]>
              </value>
            </param>
            <param index="1">
              <value>
                <![CDATA[]]>
              </value>
            </param>
            <param index="2">
              <value>
                <![CDATA[500090.0]]>
              </value>
            </param>
            <param index="3">
              <value>
                <![CDATA[lastNameError]]>
              </value>
            </param>
          </params>
          <reporter-output>
          </reporter-output>
        </test-method> <!-- checkoutModule -->
        <test-method is-config="true" signature="closeBrowser()[pri:0, instance:test.CheckoutTest@4808bc9b]" started-at="2026-05-28T00:38:39 IST" name="closeBrowser" finished-at="2026-05-28T00:38:40 IST" duration-ms="217" status="PASS">
          <reporter-output>
          </reporter-output>
        </test-method> <!-- closeBrowser -->
        <test-method is-config="true" signature="browserLaunch()[pri:0, instance:test.CheckoutTest@4808bc9b]" started-at="2026-05-28T00:38:40 IST" name="browserLaunch" finished-at="2026-05-28T00:38:41 IST" duration-ms="1502" status="PASS">
          <reporter-output>
          </reporter-output>
        </test-method> <!-- browserLaunch -->
        <test-method is-config="true" signature="loginPage()[pri:0, instance:test.CheckoutTest@4808bc9b]" started-at="2026-05-28T00:38:41 IST" name="loginPage" finished-at="2026-05-28T00:38:44 IST" duration-ms="2978" status="PASS">
          <reporter-output>
          </reporter-output>
        </test-method> <!-- loginPage -->
        <test-method signature="checkoutModule(java.lang.String,java.lang.String,java.lang.String,java.lang.String)[pri:0, instance:test.CheckoutTest@4808bc9b]" started-at="2026-05-28T00:38:44 IST" name="checkoutModule" data-provider="userCheckout" finished-at="2026-05-28T00:38:45 IST" duration-ms="728" status="PASS">
          <params>
            <param index="0">
              <value>
                <![CDATA[yamini]]>
              </value>
            </param>
            <param index="1">
              <value>
                <![CDATA[D]]>
              </value>
            </param>
            <param index="2">
              <value>
                <![CDATA[]]>
              </value>
            </param>
            <param index="3">
              <value>
                <![CDATA[pinError]]>
              </value>
            </param>
          </params>
          <reporter-output>
          </reporter-output>
        </test-method> <!-- checkoutModule -->
        <test-method is-config="true" signature="closeBrowser()[pri:0, instance:test.CheckoutTest@4808bc9b]" started-at="2026-05-28T00:38:45 IST" name="closeBrowser" finished-at="2026-05-28T00:38:45 IST" duration-ms="252" status="PASS">
          <reporter-output>
          </reporter-output>
        </test-method> <!-- closeBrowser -->
      </class> <!-- test.CheckoutTest -->
    </test> <!-- Test -->
  </suite> <!-- Suite -->
</testng-results>
