<?xml version="1.0" encoding="UTF-8"?>
<testng-results ignored="0" total="6" passed="5" failed="1" skipped="0">
  <reporter-output>
  </reporter-output>
  <suite started-at="2026-06-05T22:18:40 IST" name="Default suite" finished-at="2026-06-05T22:20:01 IST" duration-ms="81110">
    <groups>
    </groups>
    <test started-at="2026-06-05T22:18:40 IST" name="Default test" finished-at="2026-06-05T22:20:01 IST" duration-ms="81110">
      <class name="test.CartTest">
        <test-method is-config="true" signature="browserLaunch()[pri:0, instance:test.CartTest@dd05255]" started-at="2026-06-05T22:18:41 IST" name="browserLaunch" finished-at="2026-06-05T22:18:43 IST" duration-ms="2698" status="PASS">
          <reporter-output>
          </reporter-output>
        </test-method> <!-- browserLaunch -->
        <test-method is-config="true" signature="LoginPage()[pri:0, instance:test.CartTest@dd05255]" started-at="2026-06-05T22:18:43 IST" name="LoginPage" finished-at="2026-06-05T22:18:44 IST" duration-ms="787" status="PASS">
          <reporter-output>
          </reporter-output>
        </test-method> <!-- LoginPage -->
        <test-method signature="cartProduct(java.lang.String,java.lang.String)[pri:0, instance:test.CartTest@dd05255]" started-at="2026-06-05T22:18:44 IST" name="cartProduct" data-provider="cartProduct" finished-at="2026-06-05T22:19:05 IST" duration-ms="20380" status="PASS">
          <params>
            <param index="0">
              <value>
                <![CDATA[cartProduct]]>
              </value>
            </param>
            <param index="1">
              <value>
                <![CDATA[Sauce Labs Backpack]]>
              </value>
            </param>
          </params>
          <reporter-output>
          </reporter-output>
        </test-method> <!-- cartProduct -->
        <test-method is-config="true" signature="closeBrowser()[pri:0, instance:test.CartTest@dd05255]" started-at="2026-06-05T22:19:05 IST" name="closeBrowser" finished-at="2026-06-05T22:19:05 IST" duration-ms="302" status="PASS">
          <reporter-output>
          </reporter-output>
        </test-method> <!-- closeBrowser -->
        <test-method is-config="true" signature="browserLaunch()[pri:0, instance:test.CartTest@dd05255]" started-at="2026-06-05T22:19:05 IST" name="browserLaunch" finished-at="2026-06-05T22:19:07 IST" duration-ms="1684" status="PASS">
          <reporter-output>
          </reporter-output>
        </test-method> <!-- browserLaunch -->
        <test-method is-config="true" signature="LoginPage()[pri:0, instance:test.CartTest@dd05255]" started-at="2026-06-05T22:19:07 IST" name="LoginPage" finished-at="2026-06-05T22:19:07 IST" duration-ms="587" status="PASS">
          <reporter-output>
          </reporter-output>
        </test-method> <!-- LoginPage -->
        <test-method signature="cartQuantity(java.lang.String,java.lang.String)[pri:0, instance:test.CartTest@dd05255]" started-at="2026-06-05T22:19:07 IST" name="cartQuantity" data-provider="cartQty" finished-at="2026-06-05T22:19:08 IST" duration-ms="299" status="PASS">
          <params>
            <param index="0">
              <value>
                <![CDATA[cartQty]]>
              </value>
            </param>
            <param index="1">
              <value>
                <![CDATA[1.0]]>
              </value>
            </param>
          </params>
          <reporter-output>
          </reporter-output>
        </test-method> <!-- cartQuantity -->
        <test-method is-config="true" signature="closeBrowser()[pri:0, instance:test.CartTest@dd05255]" started-at="2026-06-05T22:19:08 IST" name="closeBrowser" finished-at="2026-06-05T22:19:08 IST" duration-ms="213" status="PASS">
          <reporter-output>
          </reporter-output>
        </test-method> <!-- closeBrowser -->
        <test-method is-config="true" signature="browserLaunch()[pri:0, instance:test.CartTest@dd05255]" started-at="2026-06-05T22:19:08 IST" name="browserLaunch" finished-at="2026-06-05T22:19:10 IST" duration-ms="1854" status="PASS">
          <reporter-output>
          </reporter-output>
        </test-method> <!-- browserLaunch -->
        <test-method is-config="true" signature="LoginPage()[pri:0, instance:test.CartTest@dd05255]" started-at="2026-06-05T22:19:10 IST" name="LoginPage" finished-at="2026-06-05T22:19:11 IST" duration-ms="761" status="PASS">
          <reporter-output>
          </reporter-output>
        </test-method> <!-- LoginPage -->
        <test-method signature="checkOutBtn(java.lang.String,java.lang.String)[pri:0, instance:test.CartTest@dd05255]" started-at="2026-06-05T22:19:11 IST" name="checkOutBtn" data-provider="cartcheckout" finished-at="2026-06-05T22:19:51 IST" duration-ms="40613" status="FAIL">
          <params>
            <param index="0">
              <value>
                <![CDATA[cartCheckout]]>
              </value>
            </param>
            <param index="1">
              <value>
                <![CDATA[Checkout]]>
              </value>
            </param>
          </params>
          <exception class="org.openqa.selenium.TimeoutException">
            <message>
              <![CDATA[Expected condition failed: waiting for visibility of Proxy element for: DefaultElementLocator 'By.xpath: //button[text()='Checkout']'
(tried for 10 seconds with 500 milliseconds interval)]]>
            </message>
            <full-stacktrace>
              <![CDATA[org.openqa.selenium.TimeoutException: Expected condition failed: waiting for visibility of Proxy element for: DefaultElementLocator 'By.xpath: //button[text()='Checkout']'
(tried for 10 seconds with 500 milliseconds interval)
at org.openqa.selenium.support.ui.WebDriverWait.timeoutException(WebDriverWait.java:85)
at org.openqa.selenium.support.ui.FluentWait.until(FluentWait.java:234)
at pages.CartPageClass.checkOutButtonText(CartPageClass.java:62)
at test.CartTest.checkOutBtn(CartTest.java:74)
at java.base/jdk.internal.reflect.DirectMethodHandleAccessor.invoke(DirectMethodHandleAccessor.java:103)
at java.base/java.lang.reflect.Method.invoke(Method.java:580)
at org.testng.internal.invokers.MethodInvocationHelper.invokeMethod(MethodInvocationHelper.java:141)
at org.testng.internal.invokers.TestInvoker.invokeMethod(TestInvoker.java:687)
at org.testng.internal.invokers.TestInvoker.invokeTestMethod(TestInvoker.java:230)
at org.testng.internal.invokers.MethodRunner.runInSequence(MethodRunner.java:63)
at org.testng.internal.invokers.TestInvoker$MethodInvocationAgent.invoke(TestInvoker.java:995)
at org.testng.internal.invokers.TestInvoker.invokeTestMethods(TestInvoker.java:203)
at org.testng.internal.invokers.TestMethodWorker.invokeTestMethods(TestMethodWorker.java:154)
at org.testng.internal.invokers.TestMethodWorker.run(TestMethodWorker.java:134)
at java.base/java.util.ArrayList.forEach(ArrayList.java:1596)
at org.testng.TestRunner.privateRun(TestRunner.java:741)
at org.testng.TestRunner.run(TestRunner.java:616)
at org.testng.SuiteRunner.runTest(SuiteRunner.java:421)
at org.testng.SuiteRunner.runSequentially(SuiteRunner.java:413)
at org.testng.SuiteRunner.privateRun(SuiteRunner.java:373)
at org.testng.SuiteRunner.run(SuiteRunner.java:312)
at org.testng.SuiteRunnerWorker.runSuite(SuiteRunnerWorker.java:52)
at org.testng.SuiteRunnerWorker.run(SuiteRunnerWorker.java:95)
at org.testng.TestNG.runSuitesSequentially(TestNG.java:1274)
at org.testng.TestNG.runSuitesLocally(TestNG.java:1208)
at org.testng.TestNG.runSuites(TestNG.java:1112)
at org.testng.TestNG.run(TestNG.java:1079)
at org.testng.remote.AbstractRemoteTestNG.run(AbstractRemoteTestNG.java:115)
at org.testng.remote.RemoteTestNG.initAndRun(RemoteTestNG.java:293)
at org.testng.remote.RemoteTestNG.main(RemoteTestNG.java:91)
Caused by: org.openqa.selenium.NoSuchElementException: no such element: Unable to locate element: {"method":"xpath","selector":"//button[text()='Checkout']"}
  (Session info: chrome=148.0.7778.218)
For documentation on this error, please visit: https://www.selenium.dev/documentation/webdriver/troubleshooting/errors#nosuchelementexception
Build info: version: '4.43.0', revision: 'dd0f534'
System info: os.name: 'Windows 10', os.arch: 'amd64', os.version: '10.0', java.version: '21.0.10'
Driver info: org.openqa.selenium.chrome.ChromeDriver
Command: [1a389c7b9a6fead1ca2e036f99cecdf7, findElement {using=xpath, value=//button[text()='Checkout']}]
Capabilities {acceptInsecureCerts: false, browserName: chrome, browserVersion: 148.0.7778.218, chrome: {chromedriverVersion: 148.0.7778.178 (d096af1c9e9..., userDataDir: C:\Users\Admin\AppData\Loca...}, fedcm:accounts: true, goog:chromeOptions: {debuggerAddress: localhost:52708}, goog:processID: 12840, networkConnectionEnabled: false, pageLoadStrategy: normal, platformName: windows, proxy: Proxy(), se:cdp: ws://localhost:52708/devtoo..., se:cdpVersion: 148.0.7778.218, setWindowRect: true, strictFileInteractability: false, timeouts: {implicit: 0, pageLoad: 300000, script: 30000}, unhandledPromptBehavior: dismiss and notify, webauthn:extension:credBlob: true, webauthn:extension:largeBlob: true, webauthn:extension:minPinLength: true, webauthn:extension:prf: true, webauthn:virtualAuthenticators: true}
Session ID: 1a389c7b9a6fead1ca2e036f99cecdf7
at org.openqa.selenium.remote.ErrorCodec.decode(ErrorCodec.java:169)
at org.openqa.selenium.remote.codec.w3c.W3CHttpResponseCodec.decode(W3CHttpResponseCodec.java:142)
at org.openqa.selenium.remote.codec.w3c.W3CHttpResponseCodec.decode(W3CHttpResponseCodec.java:49)
at org.openqa.selenium.remote.HttpCommandExecutor.execute(HttpCommandExecutor.java:223)
at org.openqa.selenium.remote.service.DriverCommandExecutor.invokeExecute(DriverCommandExecutor.java:216)
at org.openqa.selenium.remote.service.DriverCommandExecutor.execute(DriverCommandExecutor.java:174)
at org.openqa.selenium.remote.RemoteWebDriver.execute(RemoteWebDriver.java:606)
at org.openqa.selenium.remote.ElementLocation$ElementFinder$2.findElement(ElementLocation.java:166)
at org.openqa.selenium.remote.ElementLocation.findElement(ElementLocation.java:60)
at org.openqa.selenium.remote.RemoteWebDriver.findElement(RemoteWebDriver.java:429)
at org.openqa.selenium.remote.RemoteWebDriver.findElement(RemoteWebDriver.java:423)
at org.openqa.selenium.support.pagefactory.DefaultElementLocator.findElement(DefaultElementLocator.java:68)
at org.openqa.selenium.support.pagefactory.internal.LocatingElementHandler.invoke(LocatingElementHandler.java:38)
at jdk.proxy2/jdk.proxy2.$Proxy13.isDisplayed(Unknown Source)
at org.openqa.selenium.support.ui.ExpectedConditions.elementIfVisible(ExpectedConditions.java:365)
at org.openqa.selenium.support.ui.ExpectedConditions$10.apply(ExpectedConditions.java:351)
at org.openqa.selenium.support.ui.ExpectedConditions$10.apply(ExpectedConditions.java:348)
at org.openqa.selenium.support.ui.FluentWait.until(FluentWait.java:210)
... 28 more
]]>
            </full-stacktrace>
          </exception> <!-- org.openqa.selenium.TimeoutException -->
          <reporter-output>
          </reporter-output>
        </test-method> <!-- checkOutBtn -->
        <test-method is-config="true" signature="closeBrowser()[pri:0, instance:test.CartTest@dd05255]" started-at="2026-06-05T22:19:51 IST" name="closeBrowser" finished-at="2026-06-05T22:19:51 IST" duration-ms="255" status="PASS">
          <reporter-output>
          </reporter-output>
        </test-method> <!-- closeBrowser -->
        <test-method is-config="true" signature="browserLaunch()[pri:0, instance:test.CartTest@dd05255]" started-at="2026-06-05T22:19:52 IST" name="browserLaunch" finished-at="2026-06-05T22:19:53 IST" duration-ms="1663" status="PASS">
          <reporter-output>
          </reporter-output>
        </test-method> <!-- browserLaunch -->
        <test-method is-config="true" signature="LoginPage()[pri:0, instance:test.CartTest@dd05255]" started-at="2026-06-05T22:19:53 IST" name="LoginPage" finished-at="2026-06-05T22:19:54 IST" duration-ms="605" status="PASS">
          <reporter-output>
          </reporter-output>
        </test-method> <!-- LoginPage -->
        <test-method signature="continueShopBtn(java.lang.String,java.lang.String)[pri:0, instance:test.CartTest@dd05255]" started-at="2026-06-05T22:19:54 IST" name="continueShopBtn" data-provider="cartContinueShop" finished-at="2026-06-05T22:19:54 IST" duration-ms="321" status="PASS">
          <params>
            <param index="0">
              <value>
                <![CDATA[cartContinueShop]]>
              </value>
            </param>
            <param index="1">
              <value>
                <![CDATA[Continue Shopping]]>
              </value>
            </param>
          </params>
          <reporter-output>
          </reporter-output>
        </test-method> <!-- continueShopBtn -->
        <test-method is-config="true" signature="closeBrowser()[pri:0, instance:test.CartTest@dd05255]" started-at="2026-06-05T22:19:54 IST" name="closeBrowser" finished-at="2026-06-05T22:19:54 IST" duration-ms="257" status="PASS">
          <reporter-output>
          </reporter-output>
        </test-method> <!-- closeBrowser -->
        <test-method is-config="true" signature="browserLaunch()[pri:0, instance:test.CartTest@dd05255]" started-at="2026-06-05T22:19:54 IST" name="browserLaunch" finished-at="2026-06-05T22:19:56 IST" duration-ms="1888" status="PASS">
          <reporter-output>
          </reporter-output>
        </test-method> <!-- browserLaunch -->
        <test-method is-config="true" signature="LoginPage()[pri:0, instance:test.CartTest@dd05255]" started-at="2026-06-05T22:19:56 IST" name="LoginPage" finished-at="2026-06-05T22:19:57 IST" duration-ms="542" status="PASS">
          <reporter-output>
          </reporter-output>
        </test-method> <!-- LoginPage -->
        <test-method signature="removeButton(java.lang.String,java.lang.String)[pri:0, instance:test.CartTest@dd05255]" started-at="2026-06-05T22:19:57 IST" name="removeButton" data-provider="cartRemove" finished-at="2026-06-05T22:19:57 IST" duration-ms="446" status="PASS">
          <params>
            <param index="0">
              <value>
                <![CDATA[removeCart]]>
              </value>
            </param>
            <param index="1">
              <value>
                <![CDATA[Remove]]>
              </value>
            </param>
          </params>
          <reporter-output>
          </reporter-output>
        </test-method> <!-- removeButton -->
        <test-method is-config="true" signature="closeBrowser()[pri:0, instance:test.CartTest@dd05255]" started-at="2026-06-05T22:19:57 IST" name="closeBrowser" finished-at="2026-06-05T22:19:58 IST" duration-ms="344" status="PASS">
          <reporter-output>
          </reporter-output>
        </test-method> <!-- closeBrowser -->
        <test-method is-config="true" signature="browserLaunch()[pri:0, instance:test.CartTest@dd05255]" started-at="2026-06-05T22:19:58 IST" name="browserLaunch" finished-at="2026-06-05T22:19:59 IST" duration-ms="1589" status="PASS">
          <reporter-output>
          </reporter-output>
        </test-method> <!-- browserLaunch -->
        <test-method is-config="true" signature="LoginPage()[pri:0, instance:test.CartTest@dd05255]" started-at="2026-06-05T22:19:59 IST" name="LoginPage" finished-at="2026-06-05T22:20:00 IST" duration-ms="655" status="PASS">
          <reporter-output>
          </reporter-output>
        </test-method> <!-- LoginPage -->
        <test-method signature="yourCartLabel(java.lang.String,java.lang.String)[pri:0, instance:test.CartTest@dd05255]" started-at="2026-06-05T22:20:00 IST" name="yourCartLabel" data-provider="cartlabel" finished-at="2026-06-05T22:20:00 IST" duration-ms="366" status="PASS">
          <params>
            <param index="0">
              <value>
                <![CDATA[cartName]]>
              </value>
            </param>
            <param index="1">
              <value>
                <![CDATA[Your Cart]]>
              </value>
            </param>
          </params>
          <reporter-output>
          </reporter-output>
        </test-method> <!-- yourCartLabel -->
        <test-method is-config="true" signature="closeBrowser()[pri:0, instance:test.CartTest@dd05255]" started-at="2026-06-05T22:20:00 IST" name="closeBrowser" finished-at="2026-06-05T22:20:01 IST" duration-ms="260" status="PASS">
          <reporter-output>
          </reporter-output>
        </test-method> <!-- closeBrowser -->
      </class> <!-- test.CartTest -->
    </test> <!-- Default test -->
  </suite> <!-- Default suite -->
</testng-results>
