<?xml version="1.0" encoding="UTF-8"?>
<!-- Generated by org.testng.reporters.JUnitReportReporter -->
<testsuite hostname="Saibaba" failures="0" tests="7" name="test.LoginTest" time="23.404" errors="0" timestamp="2026-05-28T00:38:46 IST" skipped="0">
  <testcase classname="test.LoginTest" name="loginValidation" time="2.422"/>
  <testcase classname="test.LoginTest" name="assertValidLgn" time="1.945"/>
  <testcase classname="test.LoginTest" name="loginValidation" time="2.957"/>
  <testcase classname="test.LoginTest" name="loginValidation" time="7.499"/>
  <testcase classname="test.LoginTest" name="loginValidation" time="3.139"/>
  <testcase classname="test.LoginTest" name="loginValidation" time="2.133"/>
  <testcase classname="test.LoginTest" name="loginValidation" time="3.309"/>
</testsuite> <!-- test.LoginTest -->
