<?xml version="1.0" encoding="UTF-8"?>
<!-- Generated by org.testng.reporters.JUnitReportReporter -->
<testsuite hostname="Saibaba" failures="0" tests="12" name="test.ProductsTest" time="33.504" errors="0" timestamp="2026-05-28T00:38:46 IST" skipped="0">
  <testcase classname="test.ProductsTest" name="productName" time="2.588"/>
  <testcase classname="test.ProductsTest" name="cartIcon" time="2.827"/>
  <testcase classname="test.ProductsTest" name="verifyPdtFtrngHl" time="2.902"/>
  <testcase classname="test.ProductsTest" name="verifyPdtFtrngLh" time="2.804"/>
  <testcase classname="test.ProductsTest" name="productPrice" time="2.857"/>
  <testcase classname="test.ProductsTest" name="cartIconDisplay" time="2.028"/>
  <testcase classname="test.ProductsTest" name="cartItems" time="2.698"/>
  <testcase classname="test.ProductsTest" name="productTitle" time="2.464"/>
  <testcase classname="test.ProductsTest" name="verifyPdtFtrngAssending" time="3.020"/>
  <testcase classname="test.ProductsTest" name="removeButton" time="2.695"/>
  <testcase classname="test.ProductsTest" name="verifyPdtFtrngDescending" time="3.766"/>
  <testcase classname="test.ProductsTest" name="productPage" time="2.855"/>
</testsuite> <!-- test.ProductsTest -->
