<?xml version="1.0" encoding="UTF-8"?>
<!-- Generated by org.testng.reporters.JUnitReportReporter -->
<testsuite hostname="Saibaba" failures="0" tests="4" name="test.CheckoutTest" time="28.445" errors="0" timestamp="2026-06-05T20:00:22 IST" skipped="0">
  <testcase classname="test.CheckoutTest" name="checkoutModule" time="7.472"/>
  <testcase classname="test.CheckoutTest" name="checkoutModule" time="8.818"/>
  <testcase classname="test.CheckoutTest" name="checkoutModule" time="6.074"/>
  <testcase classname="test.CheckoutTest" name="checkoutModule" time="6.081"/>
</testsuite> <!-- test.CheckoutTest -->
