<?xml version="1.0" encoding="UTF-8"?>
<!-- Generated by org.testng.reporters.JUnitReportReporter -->
<testsuite hostname="Saibaba" failures="0" tests="10" name="test.ProductsTest" time="35.718" errors="0" timestamp="2026-06-05T20:02:45 IST" skipped="0">
  <testcase classname="test.ProductsTest" name="pdtDesending" time="4.606"/>
  <testcase classname="test.ProductsTest" name="validateProductName" time="2.961"/>
  <testcase classname="test.ProductsTest" name="cartIcon" time="4.305"/>
  <testcase classname="test.ProductsTest" name="validatePageLabel" time="2.894"/>
  <testcase classname="test.ProductsTest" name="PdtHightoLow" time="3.698"/>
  <testcase classname="test.ProductsTest" name="pdtLowtoHigh" time="3.481"/>
  <testcase classname="test.ProductsTest" name="removeButton" time="4.268"/>
  <testcase classname="test.ProductsTest" name="PdtAscending" time="3.726"/>
  <testcase classname="test.ProductsTest" name="cartIconDisplay" time="3.004"/>
  <testcase classname="test.ProductsTest" name="cartItems" time="2.775"/>
</testsuite> <!-- test.ProductsTest -->
