<?xml version="1.0" encoding="UTF-8"?>
<!-- Generated by org.testng.reporters.JUnitReportReporter -->
<testsuite hostname="Saibaba" failures="0" tests="3" name="test.CartTest" time="8.659" errors="0" timestamp="2026-05-28T00:38:46 IST" skipped="0">
  <testcase classname="test.CartTest" name="continueShopBtn" time="3.047"/>
  <testcase classname="test.CartTest" name="checkOutBtn" time="2.870"/>
  <testcase classname="test.CartTest" name="removeButton" time="2.742"/>
</testsuite> <!-- test.CartTest -->
