<?xml version="1.0" encoding="UTF-8"?>
<!-- Generated by org.testng.reporters.JUnitReportReporter -->
<testsuite hostname="Saibaba" failures="0" tests="4" name="test.CheckoutTest" time="22.811" errors="0" timestamp="2026-05-28T00:38:46 IST" skipped="0">
  <testcase classname="test.CheckoutTest" name="checkoutModule" time="5.839"/>
  <testcase classname="test.CheckoutTest" name="checkoutModule" time="5.585"/>
  <testcase classname="test.CheckoutTest" name="checkoutModule" time="5.868"/>
  <testcase classname="test.CheckoutTest" name="checkoutModule" time="5.519"/>
</testsuite> <!-- test.CheckoutTest -->
